[2019-10-5 0:50:40] : Application start
[2019-10-5 0:50:40] : Reading configuraion...
[2019-10-5 0:50:40] : +------------------------------+
[2019-10-5 0:50:40] : Level : development
[2019-10-5 0:50:40] : DB : mongodb://localhost:27017/selfculator
[2019-10-5 0:50:40] : PORT : 9090
[2019-10-5 0:50:40] : +------------------------------+
[2019-10-5 0:52:0] : Application start
[2019-10-5 0:52:0] : Reading configuraion...
[2019-10-5 0:52:0] : +------------------------------+
[2019-10-5 0:52:0] : Level : development
[2019-10-5 0:52:0] : DB : mongodb://localhost:27017/selfculator
[2019-10-5 0:52:0] : PORT : 9090
[2019-10-5 0:52:0] : +------------------------------+
[2019-10-5 0:53:2] : Application start
[2019-10-5 0:53:2] : Reading configuraion...
[2019-10-5 0:53:2] : +------------------------------+
[2019-10-5 0:53:2] : Level : development
[2019-10-5 0:53:2] : DB : mongodb://localhost:27017/selfculator
[2019-10-5 0:53:2] : PORT : 9090
[2019-10-5 0:53:2] : +------------------------------+
[2019-10-5 0:53:2] : Selfculator Server API Started and Listening on PORT: 9090
[2019-10-5 0:53:40] : ##################################################
[2019-10-5 0:53:40] : Application start
[2019-10-5 0:53:40] : Reading configuraion...
[2019-10-5 0:53:40] : +------------------------------+
[2019-10-5 0:53:40] : Level : development
[2019-10-5 0:53:40] : DB : mongodb://localhost:27017/selfculator
[2019-10-5 0:53:40] : PORT : 9090
[2019-10-5 0:53:40] : +------------------------------+
[2019-10-5 0:53:40] : Selfculator Server API Started and Listening on PORT: 9090
